[2025-03-15 02:18:51,272] multiqc                                            [DEBUG  ]  No MultiQC config found: /export/apps/multiqc/1.6/lib/python3.6/site-packages/multiqc_config.yaml
[2025-03-15 02:18:51,274] multiqc                                            [DEBUG  ]  No MultiQC config found: /home/emurungi/.multiqc_config.yaml
[2025-03-15 02:18:51,275] multiqc                                            [DEBUG  ]  No MultiQC config found: multiqc_config.yaml
[2025-03-15 02:18:51,275] multiqc                                            [DEBUG  ]  Command used: /export/apps/multiqc/1.6/bin/multiqc .
[2025-03-15 02:18:53,101] multiqc                                            [WARNING]  MultiQC Version v1.27.1 now available!
[2025-03-15 02:18:53,101] multiqc                                            [INFO   ]  This is MultiQC v1.6
[2025-03-15 02:18:53,101] multiqc                                            [DEBUG  ]  Command     : /export/apps/multiqc/1.6/bin/multiqc .
[2025-03-15 02:18:53,101] multiqc                                            [DEBUG  ]  Working dir : /var/scratch/global/emurungi/variant_calling/quality_check/fastqc
[2025-03-15 02:18:53,101] multiqc                                            [INFO   ]  Template    : default
[2025-03-15 02:18:53,101] multiqc                                            [INFO   ]  Searching '.'
[2025-03-15 02:18:53,102] multiqc                                            [DEBUG  ]  Analysing modules: custom_content, conpair, peddy, methylQA, qualimap, preseq, quast, qorts, rna_seqc, rsem, rseqc, busco, goleft_indexcov, disambiguate, supernova, deeptools, sargasso, verifybamid, mirtrace, happy, homer, macs2, theta2, snpeff, gatk, htseq, bcftools, featureCounts, dedup, picard, prokka, samblaster, samtools, bamtools, jellyfish, vcftools, longranger, bbmap, bismark, hicexplorer, hicup, hicpro, salmon, kallisto, slamdunk, star, hisat2, tophat, bowtie2, bowtie1, kat, leehom, adapterRemoval, clipandmerge, cutadapt, flexbar, trimmomatic, skewer, sortmerna, biobloomtools, fastq_screen, afterqc, fastp, fastqc, clusterflow, bcl2fastq, interop
[2025-03-15 02:18:53,137] multiqc                                            [DEBUG  ]  Using temporary directory for creating report: /var/scratch/tmpcx9h3q74
[2025-03-15 02:18:56,670] multiqc                                            [DEBUG  ]  Ignoring file as matched an ignore pattern: C001_S1_L001_R1_001_fastqc.html
[2025-03-15 02:18:56,670] multiqc                                            [DEBUG  ]  Ignoring file as matched an ignore pattern: C001_S1_L001_R2_001_fastqc.html
[2025-03-15 02:18:56,670] multiqc                                            [DEBUG  ]  Ignoring file as matched an ignore pattern: C002_S2_L001_R1_001_fastqc.html
[2025-03-15 02:18:56,671] multiqc                                            [DEBUG  ]  Ignoring file as matched an ignore pattern: C002_S2_L001_R2_001_fastqc.html
[2025-03-15 02:18:56,671] multiqc                                            [DEBUG  ]  Ignoring file as matched an ignore pattern: C003_S3_L001_R1_001_fastqc.html
[2025-03-15 02:18:56,671] multiqc                                            [DEBUG  ]  Ignoring file as matched an ignore pattern: C003_S3_L001_R2_001_fastqc.html
[2025-03-15 02:18:56,671] multiqc                                            [DEBUG  ]  Ignoring file as matched an ignore pattern: C004_S4_L001_R1_001_fastqc.html
[2025-03-15 02:18:56,672] multiqc                                            [DEBUG  ]  Ignoring file as matched an ignore pattern: C004_S4_L001_R2_001_fastqc.html
[2025-03-15 02:18:56,672] multiqc                                            [DEBUG  ]  Ignoring file as matched an ignore pattern: C005_S5_L001_R1_001_fastqc.html
[2025-03-15 02:18:56,672] multiqc                                            [DEBUG  ]  Ignoring file as matched an ignore pattern: C005_S5_L001_R2_001_fastqc.html
[2025-03-15 02:18:56,672] multiqc                                            [DEBUG  ]  Ignoring file as matched an ignore pattern: C006_S6_L001_R1_001_fastqc.html
[2025-03-15 02:18:56,673] multiqc                                            [DEBUG  ]  Ignoring file as matched an ignore pattern: C006_S6_L001_R2_001_fastqc.html
[2025-03-15 02:18:56,673] multiqc                                            [DEBUG  ]  Ignoring file as matched an ignore pattern: C007_S7_L001_R1_001_fastqc.html
[2025-03-15 02:18:56,673] multiqc                                            [DEBUG  ]  Ignoring file as matched an ignore pattern: C007_S7_L001_R2_001_fastqc.html
[2025-03-15 02:18:56,673] multiqc                                            [DEBUG  ]  Ignoring file as matched an ignore pattern: C008_S8_L001_R1_001_fastqc.html
[2025-03-15 02:18:56,673] multiqc                                            [DEBUG  ]  Ignoring file as matched an ignore pattern: C008_S8_L001_R2_001_fastqc.html
[2025-03-15 02:18:56,674] multiqc                                            [DEBUG  ]  Ignoring file as matched an ignore pattern: C009_S9_L001_R1_001_fastqc.html
[2025-03-15 02:18:56,674] multiqc                                            [DEBUG  ]  Ignoring file as matched an ignore pattern: C009_S9_L001_R2_001_fastqc.html
[2025-03-15 02:18:56,674] multiqc                                            [DEBUG  ]  Ignoring file as matched an ignore pattern: C010_S10_L001_R1_001_fastqc.html
[2025-03-15 02:18:56,674] multiqc                                            [DEBUG  ]  Ignoring file as matched an ignore pattern: C010_S10_L001_R2_001_fastqc.html
[2025-03-15 02:18:56,675] multiqc                                            [DEBUG  ]  Ignoring file as matched an ignore pattern: C011_S11_L001_R1_001_fastqc.html
[2025-03-15 02:18:56,675] multiqc                                            [DEBUG  ]  Ignoring file as matched an ignore pattern: C011_S11_L001_R2_001_fastqc.html
[2025-03-15 02:18:56,675] multiqc                                            [DEBUG  ]  Ignoring file as matched an ignore pattern: C012_S12_L001_R1_001_fastqc.html
[2025-03-15 02:18:56,675] multiqc                                            [DEBUG  ]  Ignoring file as matched an ignore pattern: C012_S12_L001_R2_001_fastqc.html
[2025-03-15 02:18:56,676] multiqc                                            [DEBUG  ]  Ignoring file as matched an ignore pattern: C013_S13_L001_R1_001_fastqc.html
[2025-03-15 02:18:56,676] multiqc                                            [DEBUG  ]  Ignoring file as matched an ignore pattern: C013_S13_L001_R2_001_fastqc.html
[2025-03-15 02:18:56,676] multiqc                                            [DEBUG  ]  Ignoring file as matched an ignore pattern: C014_S14_L001_R1_001_fastqc.html
[2025-03-15 02:18:56,676] multiqc                                            [DEBUG  ]  Ignoring file as matched an ignore pattern: C014_S14_L001_R2_001_fastqc.html
[2025-03-15 02:18:56,676] multiqc                                            [DEBUG  ]  Ignoring file as matched an ignore pattern: C016_S15_L001_R1_001_fastqc.html
[2025-03-15 02:18:56,677] multiqc                                            [DEBUG  ]  Ignoring file as matched an ignore pattern: C016_S15_L001_R2_001_fastqc.html
[2025-03-15 02:18:56,677] multiqc                                            [DEBUG  ]  Ignoring file as matched an ignore pattern: C017_S16_L001_R1_001_fastqc.html
[2025-03-15 02:18:56,677] multiqc                                            [DEBUG  ]  Ignoring file as matched an ignore pattern: C017_S16_L001_R2_001_fastqc.html
[2025-03-15 02:18:56,677] multiqc                                            [DEBUG  ]  Ignoring file as matched an ignore pattern: C018_S17_L001_R1_001_fastqc.html
[2025-03-15 02:18:56,678] multiqc                                            [DEBUG  ]  Ignoring file as matched an ignore pattern: C018_S17_L001_R2_001_fastqc.html
[2025-03-15 02:18:56,678] multiqc                                            [DEBUG  ]  Ignoring file as matched an ignore pattern: C020_S18_L001_R1_001_fastqc.html
[2025-03-15 02:18:56,678] multiqc                                            [DEBUG  ]  Ignoring file as matched an ignore pattern: C020_S18_L001_R2_001_fastqc.html
[2025-03-15 02:18:56,678] multiqc                                            [DEBUG  ]  Ignoring file as matched an ignore pattern: C021_S19_L001_R1_001_fastqc.html
[2025-03-15 02:18:56,679] multiqc                                            [DEBUG  ]  Ignoring file as matched an ignore pattern: C021_S19_L001_R2_001_fastqc.html
[2025-03-15 02:18:56,679] multiqc                                            [DEBUG  ]  Ignoring file as matched an ignore pattern: C022_S20_L001_R1_001_fastqc.html
[2025-03-15 02:18:56,679] multiqc                                            [DEBUG  ]  Ignoring file as matched an ignore pattern: C022_S20_L001_R2_001_fastqc.html
[2025-03-15 02:18:56,679] multiqc                                            [DEBUG  ]  Ignoring file as matched an ignore pattern: C023_S21_L001_R1_001_fastqc.html
[2025-03-15 02:18:56,679] multiqc                                            [DEBUG  ]  Ignoring file as matched an ignore pattern: C023_S21_L001_R2_001_fastqc.html
[2025-03-15 02:18:56,680] multiqc                                            [DEBUG  ]  Ignoring file as matched an ignore pattern: C026_S22_L001_R1_001_fastqc.html
[2025-03-15 02:18:56,680] multiqc                                            [DEBUG  ]  Ignoring file as matched an ignore pattern: C026_S22_L001_R2_001_fastqc.html
[2025-03-15 02:18:56,680] multiqc                                            [DEBUG  ]  Ignoring file as matched an ignore pattern: C027_S23_L001_R1_001_fastqc.html
[2025-03-15 02:18:56,680] multiqc                                            [DEBUG  ]  Ignoring file as matched an ignore pattern: C027_S23_L001_R2_001_fastqc.html
[2025-03-15 02:18:56,681] multiqc                                            [DEBUG  ]  Ignoring file as matched an ignore pattern: C028_S24_L001_R1_001_fastqc.html
[2025-03-15 02:18:56,681] multiqc                                            [DEBUG  ]  Ignoring file as matched an ignore pattern: C028_S24_L001_R2_001_fastqc.html
[2025-03-15 02:18:56,681] multiqc                                            [DEBUG  ]  Ignoring file as matched an ignore pattern: C029_S25_L001_R1_001_fastqc.html
[2025-03-15 02:18:56,681] multiqc                                            [DEBUG  ]  Ignoring file as matched an ignore pattern: C029_S25_L001_R2_001_fastqc.html
[2025-03-15 02:18:56,682] multiqc                                            [DEBUG  ]  Ignoring file as matched an ignore pattern: C030_S26_L001_R1_001_fastqc.html
[2025-03-15 02:18:56,682] multiqc                                            [DEBUG  ]  Ignoring file as matched an ignore pattern: C030_S26_L001_R2_001_fastqc.html
[2025-03-15 02:18:56,682] multiqc                                            [DEBUG  ]  Ignoring file as matched an ignore pattern: C031_S27_L001_R1_001_fastqc.html
[2025-03-15 02:18:56,682] multiqc                                            [DEBUG  ]  Ignoring file as matched an ignore pattern: C031_S27_L001_R2_001_fastqc.html
[2025-03-15 02:18:56,682] multiqc                                            [DEBUG  ]  Ignoring file as matched an ignore pattern: C032_S28_L001_R1_001_fastqc.html
[2025-03-15 02:18:56,683] multiqc                                            [DEBUG  ]  Ignoring file as matched an ignore pattern: C032_S28_L001_R2_001_fastqc.html
[2025-03-15 02:18:56,683] multiqc                                            [DEBUG  ]  Ignoring file as matched an ignore pattern: C033_S29_L001_R1_001_fastqc.html
[2025-03-15 02:18:56,683] multiqc                                            [DEBUG  ]  Ignoring file as matched an ignore pattern: C033_S29_L001_R2_001_fastqc.html
[2025-03-15 02:18:56,683] multiqc                                            [DEBUG  ]  Ignoring file as matched an ignore pattern: C034_S30_L001_R1_001_fastqc.html
[2025-03-15 02:18:56,684] multiqc                                            [DEBUG  ]  Ignoring file as matched an ignore pattern: C034_S30_L001_R2_001_fastqc.html
[2025-03-15 02:18:56,684] multiqc                                            [DEBUG  ]  Ignoring file as matched an ignore pattern: C035_S31_L001_R1_001_fastqc.html
[2025-03-15 02:18:56,684] multiqc                                            [DEBUG  ]  Ignoring file as matched an ignore pattern: C035_S31_L001_R2_001_fastqc.html
[2025-03-15 02:18:56,684] multiqc                                            [DEBUG  ]  Ignoring file as matched an ignore pattern: C036_S32_L001_R1_001_fastqc.html
[2025-03-15 02:18:56,684] multiqc                                            [DEBUG  ]  Ignoring file as matched an ignore pattern: C036_S32_L001_R2_001_fastqc.html
[2025-03-15 02:18:56,685] multiqc                                            [DEBUG  ]  Ignoring file as matched an ignore pattern: C037_S33_L001_R1_001_fastqc.html
[2025-03-15 02:18:56,685] multiqc                                            [DEBUG  ]  Ignoring file as matched an ignore pattern: C037_S33_L001_R2_001_fastqc.html
[2025-03-15 02:18:56,685] multiqc                                            [DEBUG  ]  Ignoring file as matched an ignore pattern: C038_S34_L001_R1_001_fastqc.html
[2025-03-15 02:18:56,685] multiqc                                            [DEBUG  ]  Ignoring file as matched an ignore pattern: C038_S34_L001_R2_001_fastqc.html
[2025-03-15 02:18:56,686] multiqc                                            [DEBUG  ]  Ignoring file as matched an ignore pattern: C039_S35_L001_R1_001_fastqc.html
[2025-03-15 02:18:56,686] multiqc                                            [DEBUG  ]  Ignoring file as matched an ignore pattern: C039_S35_L001_R2_001_fastqc.html
[2025-03-15 02:18:56,686] multiqc                                            [DEBUG  ]  Ignoring file as matched an ignore pattern: C040_S36_L001_R1_001_fastqc.html
[2025-03-15 02:18:56,686] multiqc                                            [DEBUG  ]  Ignoring file as matched an ignore pattern: C040_S36_L001_R2_001_fastqc.html
[2025-03-15 02:18:56,687] multiqc                                            [DEBUG  ]  Ignoring file as matched an ignore pattern: C041_S37_L001_R1_001_fastqc.html
[2025-03-15 02:18:56,687] multiqc                                            [DEBUG  ]  Ignoring file as matched an ignore pattern: C041_S37_L001_R2_001_fastqc.html
[2025-03-15 02:18:56,687] multiqc                                            [DEBUG  ]  Ignoring file as matched an ignore pattern: C042_S38_L001_R1_001_fastqc.html
[2025-03-15 02:18:56,687] multiqc                                            [DEBUG  ]  Ignoring file as matched an ignore pattern: C042_S38_L001_R2_001_fastqc.html
[2025-03-15 02:18:56,687] multiqc                                            [DEBUG  ]  Ignoring file as matched an ignore pattern: C043_S39_L001_R1_001_fastqc.html
[2025-03-15 02:18:56,688] multiqc                                            [DEBUG  ]  Ignoring file as matched an ignore pattern: C043_S39_L001_R2_001_fastqc.html
[2025-03-15 02:18:56,688] multiqc                                            [DEBUG  ]  Ignoring file as matched an ignore pattern: C044_S40_L001_R1_001_fastqc.html
[2025-03-15 02:18:56,688] multiqc                                            [DEBUG  ]  Ignoring file as matched an ignore pattern: C044_S40_L001_R2_001_fastqc.html
[2025-03-15 02:18:56,688] multiqc                                            [DEBUG  ]  Ignoring file as matched an ignore pattern: C045_S41_L001_R1_001_fastqc.html
[2025-03-15 02:18:56,689] multiqc                                            [DEBUG  ]  Ignoring file as matched an ignore pattern: C045_S41_L001_R2_001_fastqc.html
[2025-03-15 02:18:56,689] multiqc                                            [DEBUG  ]  Ignoring file as matched an ignore pattern: C046_S42_L001_R1_001_fastqc.html
[2025-03-15 02:18:56,689] multiqc                                            [DEBUG  ]  Ignoring file as matched an ignore pattern: C046_S42_L001_R2_001_fastqc.html
[2025-03-15 02:18:56,689] multiqc                                            [DEBUG  ]  Ignoring file as matched an ignore pattern: C047_S43_L001_R1_001_fastqc.html
[2025-03-15 02:18:56,690] multiqc                                            [DEBUG  ]  Ignoring file as matched an ignore pattern: C047_S43_L001_R2_001_fastqc.html
[2025-03-15 02:18:56,690] multiqc                                            [DEBUG  ]  Ignoring file as matched an ignore pattern: C048_S44_L001_R1_001_fastqc.html
[2025-03-15 02:18:56,690] multiqc                                            [DEBUG  ]  Ignoring file as matched an ignore pattern: C048_S44_L001_R2_001_fastqc.html
[2025-03-15 02:18:56,690] multiqc                                            [DEBUG  ]  Ignoring file as matched an ignore pattern: C049_S45_L001_R1_001_fastqc.html
[2025-03-15 02:18:56,690] multiqc                                            [DEBUG  ]  Ignoring file as matched an ignore pattern: C049_S45_L001_R2_001_fastqc.html
[2025-03-15 02:18:56,691] multiqc                                            [DEBUG  ]  Ignoring file as matched an ignore pattern: C050_S46_L001_R1_001_fastqc.html
[2025-03-15 02:18:56,691] multiqc                                            [DEBUG  ]  Ignoring file as matched an ignore pattern: C050_S46_L001_R2_001_fastqc.html
[2025-03-15 02:18:56,691] multiqc                                            [DEBUG  ]  Ignoring file as matched an ignore pattern: C051_S47_L001_R1_001_fastqc.html
[2025-03-15 02:18:56,691] multiqc                                            [DEBUG  ]  Ignoring file as matched an ignore pattern: C051_S47_L001_R2_001_fastqc.html
[2025-03-15 02:18:56,692] multiqc                                            [DEBUG  ]  Ignoring file as matched an ignore pattern: C052_S48_L001_R1_001_fastqc.html
[2025-03-15 02:18:56,692] multiqc                                            [DEBUG  ]  Ignoring file as matched an ignore pattern: C052_S48_L001_R2_001_fastqc.html
[2025-03-15 02:18:56,692] multiqc                                            [DEBUG  ]  Ignoring file as matched an ignore pattern: C053_S49_L001_R1_001_fastqc.html
[2025-03-15 02:18:56,692] multiqc                                            [DEBUG  ]  Ignoring file as matched an ignore pattern: C053_S49_L001_R2_001_fastqc.html
[2025-03-15 02:18:56,693] multiqc                                            [DEBUG  ]  Ignoring file as matched an ignore pattern: C054_S50_L001_R1_001_fastqc.html
[2025-03-15 02:18:56,693] multiqc                                            [DEBUG  ]  Ignoring file as matched an ignore pattern: C054_S50_L001_R2_001_fastqc.html
[2025-03-15 02:18:56,693] multiqc                                            [DEBUG  ]  Ignoring file as matched an ignore pattern: C055_S51_L001_R1_001_fastqc.html
[2025-03-15 02:18:56,693] multiqc                                            [DEBUG  ]  Ignoring file as matched an ignore pattern: C055_S51_L001_R2_001_fastqc.html
[2025-03-15 02:18:56,693] multiqc                                            [DEBUG  ]  Ignoring file as matched an ignore pattern: C056_S52_L001_R1_001_fastqc.html
[2025-03-15 02:18:56,694] multiqc                                            [DEBUG  ]  Ignoring file as matched an ignore pattern: C056_S52_L001_R2_001_fastqc.html
[2025-03-15 02:18:56,694] multiqc                                            [DEBUG  ]  Ignoring file as matched an ignore pattern: C057_S53_L001_R1_001_fastqc.html
[2025-03-15 02:18:56,694] multiqc                                            [DEBUG  ]  Ignoring file as matched an ignore pattern: C057_S53_L001_R2_001_fastqc.html
[2025-03-15 02:18:56,694] multiqc                                            [DEBUG  ]  Ignoring file as matched an ignore pattern: C058_S54_L001_R1_001_fastqc.html
[2025-03-15 02:18:56,695] multiqc                                            [DEBUG  ]  Ignoring file as matched an ignore pattern: C058_S54_L001_R2_001_fastqc.html
[2025-03-15 02:18:56,695] multiqc                                            [DEBUG  ]  Ignoring file as matched an ignore pattern: C059_S55_L001_R1_001_fastqc.html
[2025-03-15 02:18:56,695] multiqc                                            [DEBUG  ]  Ignoring file as matched an ignore pattern: C059_S55_L001_R2_001_fastqc.html
[2025-03-15 02:18:56,695] multiqc                                            [DEBUG  ]  Ignoring file as matched an ignore pattern: C060_S56_L001_R1_001_fastqc.html
[2025-03-15 02:18:56,696] multiqc                                            [DEBUG  ]  Ignoring file as matched an ignore pattern: C060_S56_L001_R2_001_fastqc.html
[2025-03-15 02:18:56,696] multiqc                                            [DEBUG  ]  Ignoring file as matched an ignore pattern: C061_S57_L001_R1_001_fastqc.html
[2025-03-15 02:18:56,696] multiqc                                            [DEBUG  ]  Ignoring file as matched an ignore pattern: C061_S57_L001_R2_001_fastqc.html
[2025-03-15 02:18:56,696] multiqc                                            [DEBUG  ]  Ignoring file as matched an ignore pattern: C062_S58_L001_R1_001_fastqc.html
[2025-03-15 02:18:56,696] multiqc                                            [DEBUG  ]  Ignoring file as matched an ignore pattern: C062_S58_L001_R2_001_fastqc.html
[2025-03-15 02:18:56,697] multiqc                                            [DEBUG  ]  Ignoring file as matched an ignore pattern: C063_S59_L001_R1_001_fastqc.html
[2025-03-15 02:18:56,697] multiqc                                            [DEBUG  ]  Ignoring file as matched an ignore pattern: C063_S59_L001_R2_001_fastqc.html
[2025-03-15 02:18:56,697] multiqc                                            [DEBUG  ]  Ignoring file as matched an ignore pattern: C064_S60_L001_R1_001_fastqc.html
[2025-03-15 02:18:56,697] multiqc                                            [DEBUG  ]  Ignoring file as matched an ignore pattern: C064_S60_L001_R2_001_fastqc.html
[2025-03-15 02:18:56,698] multiqc                                            [DEBUG  ]  Ignoring file as matched an ignore pattern: C066_S61_L001_R1_001_fastqc.html
[2025-03-15 02:18:56,698] multiqc                                            [DEBUG  ]  Ignoring file as matched an ignore pattern: C066_S61_L001_R2_001_fastqc.html
[2025-03-15 02:18:56,698] multiqc                                            [DEBUG  ]  Ignoring file as matched an ignore pattern: C067_S62_L001_R1_001_fastqc.html
[2025-03-15 02:18:56,698] multiqc                                            [DEBUG  ]  Ignoring file as matched an ignore pattern: C067_S62_L001_R2_001_fastqc.html
[2025-03-15 02:18:56,698] multiqc                                            [DEBUG  ]  Ignoring file as matched an ignore pattern: C068_S63_L001_R1_001_fastqc.html
[2025-03-15 02:18:56,699] multiqc                                            [DEBUG  ]  Ignoring file as matched an ignore pattern: C068_S63_L001_R2_001_fastqc.html
[2025-03-15 02:18:56,699] multiqc                                            [DEBUG  ]  Ignoring file as matched an ignore pattern: C069_S64_L001_R1_001_fastqc.html
[2025-03-15 02:18:56,699] multiqc                                            [DEBUG  ]  Ignoring file as matched an ignore pattern: C069_S64_L001_R2_001_fastqc.html
[2025-03-15 02:18:56,699] multiqc                                            [DEBUG  ]  Ignoring file as matched an ignore pattern: C070_S65_L001_R1_001_fastqc.html
[2025-03-15 02:18:56,700] multiqc                                            [DEBUG  ]  Ignoring file as matched an ignore pattern: C070_S65_L001_R2_001_fastqc.html
[2025-03-15 02:18:56,700] multiqc                                            [DEBUG  ]  Ignoring file as matched an ignore pattern: C071_S66_L001_R1_001_fastqc.html
[2025-03-15 02:18:56,700] multiqc                                            [DEBUG  ]  Ignoring file as matched an ignore pattern: C071_S66_L001_R2_001_fastqc.html
[2025-03-15 02:18:56,700] multiqc                                            [DEBUG  ]  Ignoring file as matched an ignore pattern: C072_S67_L001_R1_001_fastqc.html
[2025-03-15 02:18:56,701] multiqc                                            [DEBUG  ]  Ignoring file as matched an ignore pattern: C072_S67_L001_R2_001_fastqc.html
[2025-03-15 02:18:56,701] multiqc                                            [DEBUG  ]  Ignoring file as matched an ignore pattern: C073_S68_L001_R1_001_fastqc.html
[2025-03-15 02:18:56,701] multiqc                                            [DEBUG  ]  Ignoring file as matched an ignore pattern: C073_S68_L001_R2_001_fastqc.html
[2025-03-15 02:18:56,701] multiqc                                            [DEBUG  ]  Ignoring file as matched an ignore pattern: C074_S69_L001_R1_001_fastqc.html
[2025-03-15 02:18:56,701] multiqc                                            [DEBUG  ]  Ignoring file as matched an ignore pattern: C074_S69_L001_R2_001_fastqc.html
[2025-03-15 02:18:56,702] multiqc                                            [DEBUG  ]  Ignoring file as matched an ignore pattern: C075_S70_L001_R1_001_fastqc.html
[2025-03-15 02:18:56,702] multiqc                                            [DEBUG  ]  Ignoring file as matched an ignore pattern: C075_S70_L001_R2_001_fastqc.html
[2025-03-15 02:19:11,416] multiqc                                            [DEBUG  ]  No samples found: custom_content
[2025-03-15 02:19:11,810] multiqc                                            [DEBUG  ]  No samples found: conpair
[2025-03-15 02:19:12,150] multiqc                                            [DEBUG  ]  No samples found: peddy
[2025-03-15 02:19:12,426] multiqc                                            [DEBUG  ]  No samples found: methylQA
[2025-03-15 02:19:12,653] multiqc                                            [DEBUG  ]  No samples found: qualimap
[2025-03-15 02:19:12,885] multiqc                                            [DEBUG  ]  No samples found: preseq
[2025-03-15 02:19:13,075] multiqc                                            [DEBUG  ]  No samples found: quast
[2025-03-15 02:19:13,387] multiqc                                            [DEBUG  ]  No samples found: qorts
[2025-03-15 02:19:13,624] multiqc                                            [DEBUG  ]  No samples found: rna_seqc
[2025-03-15 02:19:13,797] multiqc                                            [DEBUG  ]  No samples found: rsem
[2025-03-15 02:19:14,213] multiqc                                            [DEBUG  ]  No samples found: rseqc
[2025-03-15 02:19:14,425] multiqc                                            [DEBUG  ]  No samples found: busco
[2025-03-15 02:19:14,701] multiqc                                            [DEBUG  ]  No samples found: goleft_indexcov
[2025-03-15 02:19:14,896] multiqc                                            [DEBUG  ]  No samples found: disambiguate
[2025-03-15 02:19:15,189] multiqc                                            [DEBUG  ]  No samples found: supernova
[2025-03-15 02:19:15,502] multiqc                                            [DEBUG  ]  No samples found: deeptools
[2025-03-15 02:19:15,788] multiqc                                            [DEBUG  ]  No samples found: sargasso
[2025-03-15 02:19:16,006] multiqc                                            [DEBUG  ]  No samples found: verifybamid
[2025-03-15 02:19:16,243] multiqc                                            [DEBUG  ]  No samples found: mirtrace
[2025-03-15 02:19:16,447] multiqc                                            [DEBUG  ]  No samples found: happy
[2025-03-15 02:19:16,795] multiqc                                            [DEBUG  ]  No samples found: homer
[2025-03-15 02:19:17,132] multiqc                                            [DEBUG  ]  No samples found: macs2
[2025-03-15 02:19:17,400] multiqc                                            [DEBUG  ]  No samples found: theta2
[2025-03-15 02:19:17,649] multiqc                                            [DEBUG  ]  No samples found: snpeff
[2025-03-15 02:19:17,925] multiqc                                            [DEBUG  ]  No samples found: gatk
[2025-03-15 02:19:18,103] multiqc                                            [DEBUG  ]  No samples found: htseq
[2025-03-15 02:19:18,361] multiqc                                            [DEBUG  ]  No samples found: bcftools
[2025-03-15 02:19:18,568] multiqc                                            [DEBUG  ]  No samples found: featureCounts
[2025-03-15 02:19:18,875] multiqc                                            [DEBUG  ]  No samples found: dedup
[2025-03-15 02:19:19,459] multiqc                                            [DEBUG  ]  No samples found: picard
[2025-03-15 02:19:19,717] multiqc                                            [DEBUG  ]  No samples found: prokka
[2025-03-15 02:19:20,037] multiqc                                            [DEBUG  ]  No samples found: samblaster
[2025-03-15 02:19:20,317] multiqc                                            [DEBUG  ]  No samples found: samtools
[2025-03-15 02:19:20,630] multiqc                                            [DEBUG  ]  No samples found: bamtools
[2025-03-15 02:19:20,874] multiqc                                            [DEBUG  ]  No samples found: jellyfish
[2025-03-15 02:19:21,175] multiqc                                            [DEBUG  ]  No samples found: vcftools
[2025-03-15 02:19:21,376] multiqc                                            [DEBUG  ]  No samples found: longranger
[2025-03-15 02:19:21,757] multiqc                                            [DEBUG  ]  No samples found: bbmap
[2025-03-15 02:19:22,007] multiqc                                            [DEBUG  ]  No samples found: bismark
[2025-03-15 02:19:22,183] multiqc                                            [DEBUG  ]  No samples found: hicexplorer
[2025-03-15 02:19:22,426] multiqc                                            [DEBUG  ]  No samples found: hicup
[2025-03-15 02:19:22,717] multiqc                                            [DEBUG  ]  No samples found: hicpro
[2025-03-15 02:19:22,948] multiqc                                            [DEBUG  ]  No samples found: salmon
[2025-03-15 02:19:23,163] multiqc                                            [DEBUG  ]  No samples found: kallisto
[2025-03-15 02:19:23,341] multiqc                                            [DEBUG  ]  No samples found: slamdunk
[2025-03-15 02:19:23,483] multiqc                                            [DEBUG  ]  No samples found: star
[2025-03-15 02:19:23,691] multiqc                                            [DEBUG  ]  No samples found: hisat2
[2025-03-15 02:19:23,981] multiqc                                            [DEBUG  ]  No samples found: tophat
[2025-03-15 02:19:24,346] multiqc                                            [DEBUG  ]  No samples found: bowtie2
[2025-03-15 02:19:24,696] multiqc                                            [DEBUG  ]  No samples found: bowtie1
[2025-03-15 02:19:24,965] multiqc                                            [DEBUG  ]  No samples found: kat
[2025-03-15 02:19:25,199] multiqc                                            [DEBUG  ]  No samples found: leehom
[2025-03-15 02:19:25,394] multiqc                                            [DEBUG  ]  No samples found: adapterRemoval
[2025-03-15 02:19:25,557] multiqc                                            [DEBUG  ]  No samples found: clipandmerge
[2025-03-15 02:19:25,787] multiqc                                            [DEBUG  ]  No samples found: cutadapt
[2025-03-15 02:19:25,985] multiqc                                            [DEBUG  ]  No samples found: flexbar
[2025-03-15 02:19:26,186] multiqc                                            [DEBUG  ]  No samples found: trimmomatic
[2025-03-15 02:19:26,337] multiqc                                            [DEBUG  ]  No samples found: skewer
[2025-03-15 02:19:26,608] multiqc                                            [DEBUG  ]  No samples found: sortmerna
[2025-03-15 02:19:26,752] multiqc                                            [DEBUG  ]  No samples found: biobloomtools
[2025-03-15 02:19:26,977] multiqc                                            [DEBUG  ]  No samples found: fastq_screen
[2025-03-15 02:19:27,253] multiqc                                            [DEBUG  ]  No samples found: afterqc
[2025-03-15 02:19:27,429] multiqc                                            [DEBUG  ]  No samples found: fastp
[2025-03-15 02:19:28,868] multiqc.modules.fastqc.fastqc                      [INFO   ]  Found 140 reports
[2025-03-15 02:19:46,902] multiqc                                            [DEBUG  ]  No samples found: clusterflow
[2025-03-15 02:19:47,105] multiqc                                            [DEBUG  ]  No samples found: bcl2fastq
[2025-03-15 02:19:47,318] multiqc                                            [DEBUG  ]  No samples found: interop
[2025-03-15 02:19:47,486] multiqc                                            [INFO   ]  Compressing plot data
[2025-03-15 02:19:47,531] multiqc                                            [INFO   ]  Report      : multiqc_report.html
[2025-03-15 02:19:47,531] multiqc                                            [INFO   ]  Data        : multiqc_data
[2025-03-15 02:19:47,561] multiqc                                            [DEBUG  ]  Moving data file from '/var/scratch/tmpcx9h3q74/multiqc_data/multiqc_fastqc.txt' to '/var/scratch/global/emurungi/variant_calling/quality_check/fastqc/multiqc_data'
[2025-03-15 02:19:47,566] multiqc                                            [DEBUG  ]  Moving data file from '/var/scratch/tmpcx9h3q74/multiqc_data/mqc_fastqc_sequence_counts_plot_1.txt' to '/var/scratch/global/emurungi/variant_calling/quality_check/fastqc/multiqc_data'
[2025-03-15 02:19:47,597] multiqc                                            [DEBUG  ]  Moving data file from '/var/scratch/tmpcx9h3q74/multiqc_data/mqc_fastqc_per_base_sequence_quality_plot_1.txt' to '/var/scratch/global/emurungi/variant_calling/quality_check/fastqc/multiqc_data'
[2025-03-15 02:19:47,638] multiqc                                            [DEBUG  ]  Moving data file from '/var/scratch/tmpcx9h3q74/multiqc_data/mqc_fastqc_per_sequence_quality_scores_plot_1.txt' to '/var/scratch/global/emurungi/variant_calling/quality_check/fastqc/multiqc_data'
[2025-03-15 02:19:47,650] multiqc                                            [DEBUG  ]  Moving data file from '/var/scratch/tmpcx9h3q74/multiqc_data/mqc_fastqc_per_sequence_gc_content_plot_Percentages.txt' to '/var/scratch/global/emurungi/variant_calling/quality_check/fastqc/multiqc_data'
[2025-03-15 02:19:47,666] multiqc                                            [DEBUG  ]  Moving data file from '/var/scratch/tmpcx9h3q74/multiqc_data/mqc_fastqc_per_sequence_gc_content_plot_Counts.txt' to '/var/scratch/global/emurungi/variant_calling/quality_check/fastqc/multiqc_data'
[2025-03-15 02:19:47,670] multiqc                                            [DEBUG  ]  Moving data file from '/var/scratch/tmpcx9h3q74/multiqc_data/mqc_fastqc_per_base_n_content_plot_1.txt' to '/var/scratch/global/emurungi/variant_calling/quality_check/fastqc/multiqc_data'
[2025-03-15 02:19:47,697] multiqc                                            [DEBUG  ]  Moving data file from '/var/scratch/tmpcx9h3q74/multiqc_data/mqc_fastqc_sequence_length_distribution_plot_1.txt' to '/var/scratch/global/emurungi/variant_calling/quality_check/fastqc/multiqc_data'
[2025-03-15 02:19:47,728] multiqc                                            [DEBUG  ]  Moving data file from '/var/scratch/tmpcx9h3q74/multiqc_data/mqc_fastqc_sequence_duplication_levels_plot_1.txt' to '/var/scratch/global/emurungi/variant_calling/quality_check/fastqc/multiqc_data'
[2025-03-15 02:19:47,740] multiqc                                            [DEBUG  ]  Moving data file from '/var/scratch/tmpcx9h3q74/multiqc_data/mqc_fastqc_overrepresented_sequencesi_plot_1.txt' to '/var/scratch/global/emurungi/variant_calling/quality_check/fastqc/multiqc_data'
[2025-03-15 02:19:47,763] multiqc                                            [DEBUG  ]  Moving data file from '/var/scratch/tmpcx9h3q74/multiqc_data/multiqc_general_stats.txt' to '/var/scratch/global/emurungi/variant_calling/quality_check/fastqc/multiqc_data'
[2025-03-15 02:19:47,786] multiqc                                            [DEBUG  ]  Moving data file from '/var/scratch/tmpcx9h3q74/multiqc_data/multiqc_sources.txt' to '/var/scratch/global/emurungi/variant_calling/quality_check/fastqc/multiqc_data'
[2025-03-15 02:19:47,811] multiqc                                            [DEBUG  ]  Moving data file from '/var/scratch/tmpcx9h3q74/multiqc_data/multiqc_data.json' to '/var/scratch/global/emurungi/variant_calling/quality_check/fastqc/multiqc_data'
[2025-03-15 02:19:52,536] multiqc                                            [INFO   ]  MultiQC complete
